Arguments: 
  /usr/local/bin/node /usr/local/bin/yarn install --production

PATH: 
  /Library/Frameworks/Python.framework/Versions/3.6/bin:/usr/local/bin:/usr/bin:/bin:/usr/sbin:/sbin:/Library/Frameworks/Mono.framework/Versions/Current/Commands:/Applications/Wireshark.app/Contents/MacOS

Yarn version: 
  1.5.1

Node version: 
  8.11.1

Platform: 
  darwin x64

npm manifest: 
  {
    "name": "hexo-site",
    "version": "0.0.0",
    "private": true,
    "hexo": {
      "version": ""
    },
    "dependencies": {
      "hexo": "^3.7.0",
      "hexo-generator-archive": "^0.1.5",
      "hexo-generator-category": "^0.1.3",
      "hexo-generator-index": "^0.2.1",
      "hexo-generator-tag": "^0.2.0",
      "hexo-renderer-ejs": "^0.3.1",
      "hexo-renderer-stylus": "^0.3.3",
      "hexo-renderer-marked": "^0.3.2",
      "hexo-server": "^0.3.1"
    }
  }

yarn manifest: 
  No manifest

Lockfile: 
  No lockfile

Trace: 
  Error: http://r.tnpm.oa.com/hexo: ESOCKETTIMEDOUT
      at ClientRequest.<anonymous> (/usr/local/lib/node_modules/yarn/lib/cli.js:133061:19)
      at Object.onceWrapper (events.js:313:30)
      at emitNone (events.js:106:13)
      at ClientRequest.emit (events.js:208:7)
      at Socket.emitTimeout (_http_client.js:711:34)
      at Object.onceWrapper (events.js:313:30)
      at emitNone (events.js:106:13)
      at Socket.emit (events.js:208:7)
      at Socket._onTimeout (net.js:420:8)
      at ontimeout (timers.js:482:11)
